==21881== Memcheck, a memory error detector
==21881== Copyright (C) 2002-2017, and GNU GPL'd, by Julian Seward et al.
==21881== Using Valgrind-3.18.1 and LibVEX; rerun with -h for copyright info
==21881== Command: ./phonebook
==21881== Parent PID: 12714
==21881== 
==21881== 
==21881== HEAP SUMMARY:
==21881==     in use at exit: 108 bytes in 2 blocks
==21881==   total heap usage: 16 allocs, 14 frees, 2,464 bytes allocated
==21881== 
==21881== 16 bytes in 1 blocks are still reachable in loss record 1 of 2
==21881==    at 0x4848899: malloc (in /usr/libexec/valgrind/vgpreload_memcheck-amd64-linux.so)
==21881==    by 0x10B5EA: insert_node (phonebook.c:622)
==21881==    by 0x10965D: insert (phonebook.c:146)
==21881==    by 0x1093B4: main (phonebook.c:67)
==21881==    by 0x4894D8F: __libc_start_call_main (libc_start_call_main.h:58)
==21881==    by 0x4894E3F: __libc_start_main@@GLIBC_2.34 (libc-start.c:392)
==21881==    by 0x1091C4: _start (in /home/amit/Downloads/phonbook-students/phonebook)
==21881==    by 0x1FFEFFFC37: ???
==21881==    by 0x1B: ???
==21881== 
==21881== 92 bytes in 1 blocks are still reachable in loss record 2 of 2
==21881==    at 0x4848899: malloc (in /usr/libexec/valgrind/vgpreload_memcheck-amd64-linux.so)
==21881==    by 0x10957E: insert (phonebook.c:132)
==21881==    by 0x1093B4: main (phonebook.c:67)
==21881==    by 0x4894D8F: __libc_start_call_main (libc_start_call_main.h:58)
==21881==    by 0x4894E3F: __libc_start_main@@GLIBC_2.34 (libc-start.c:392)
==21881==    by 0x1091C4: _start (in /home/amit/Downloads/phonbook-students/phonebook)
==21881==    by 0x1FFEFFFC37: ???
==21881==    by 0x1B: ???
==21881== 
==21881== LEAK SUMMARY:
==21881==    definitely lost: 0 bytes in 0 blocks
==21881==    indirectly lost: 0 bytes in 0 blocks
==21881==      possibly lost: 0 bytes in 0 blocks
==21881==    still reachable: 108 bytes in 2 blocks
==21881==         suppressed: 0 bytes in 0 blocks
==21881== 
==21881== For lists of detected and suppressed errors, rerun with: -s
==21881== ERROR SUMMARY: 0 errors from 0 contexts (suppressed: 0 from 0)
